<?xml version="1.0" encoding="UTF-8" standalone="yes"?><!DOCTYPE report PUBLIC "-//JACOCO//DTD Report 1.1//EN" "report.dtd"><report name="beanprovider"><sessioninfo id="JeremyDesktop-3af57132" start="1769369796911" dump="1769369799093"/><sessioninfo id="JeremyDesktop-ffc60c8c" start="1769370123883" dump="1769370126410"/><package name="com/github/hazendaz/beanprovider"><class name="com/github/hazendaz/beanprovider/PostInject" sourcefilename="PostInject.java"/><class name="com/github/hazendaz/beanprovider/BeanProvider" sourcefilename="BeanProvider.java"><method name="injectFields" desc="(Ljava/lang/Object;Ljava/util/Map;)Ljava/lang/Object;" line="72"><counter type="INSTRUCTION" missed="0" covered="129"/><counter type="BRANCH" missed="0" covered="14"/><counter type="LINE" missed="0" covered="30"/><counter type="COMPLEXITY" missed="0" covered="8"/><counter type="METHOD" missed="0" covered="1"/></method><method name="getBeanManager" desc="()Ljakarta/enterprise/inject/spi/BeanManager;" line="135"><counter type="INSTRUCTION" missed="0" covered="3"/><counter type="LINE" missed="0" covered="1"/><counter type="COMPLEXITY" missed="0" covered="1"/><counter type="METHOD" missed="0" covered="1"/></method><counter type="INSTRUCTION" missed="0" covered="132"/><counter type="BRANCH" missed="0" covered="14"/><counter type="LINE" missed="0" covered="31"/><counter type="COMPLEXITY" missed="0" covered="9"/><counter type="METHOD" missed="0" covered="2"/><counter type="CLASS" missed="0" covered="1"/></class><sourcefile name="PostInject.java"/><sourcefile name="BeanProvider.java"><line nr="72" mi="0" ci="2" mb="0" cb="2"/><line nr="73" mi="0" ci="5" mb="0" cb="0"/><line nr="75" mi="0" ci="2" mb="0" cb="2"/><line nr="76" mi="0" ci="5" mb="0" cb="0"/><line nr="80" mi="0" ci="2" mb="0" cb="0"/><line nr="84" mi="0" ci="5" mb="0" cb="0"/><line nr="85" mi="0" ci="5" mb="0" cb="0"/><line nr="88" mi="0" ci="11" mb="0" cb="2"/><line nr="89" mi="0" ci="4" mb="0" cb="0"/><line nr="90" mi="0" ci="2" mb="0" cb="2"/><line nr="91" mi="0" ci="5" mb="0" cb="0"/><line nr="94" mi="0" ci="4" mb="0" cb="0"/><line nr="95" mi="0" ci="2" mb="0" cb="2"/><line nr="96" mi="0" ci="6" mb="0" cb="0"/><line nr="102" mi="0" ci="5" mb="0" cb="0"/><line nr="103" mi="0" ci="1" mb="0" cb="0"/><line nr="104" mi="0" ci="7" mb="0" cb="0"/><line nr="106" mi="0" ci="1" mb="0" cb="0"/><line nr="108" mi="0" ci="5" mb="0" cb="0"/><line nr="109" mi="0" ci="1" mb="0" cb="0"/><line nr="112" mi="0" ci="3" mb="0" cb="0"/><line nr="113" mi="0" ci="18" mb="0" cb="2"/><line nr="114" mi="0" ci="4" mb="0" cb="2"/><line nr="115" mi="0" ci="5" mb="0" cb="0"/><line nr="120" mi="0" ci="4" mb="0" cb="0"/><line nr="122" mi="0" ci="3" mb="0" cb="0"/><line nr="123" mi="0" ci="4" mb="0" cb="0"/><line nr="124" mi="0" ci="2" mb="0" cb="0"/><line nr="125" mi="0" ci="4" mb="0" cb="0"/><line nr="126" mi="0" ci="2" mb="0" cb="0"/><line nr="135" mi="0" ci="3" mb="0" cb="0"/><counter type="INSTRUCTION" missed="0" covered="132"/><counter type="BRANCH" missed="0" covered="14"/><counter type="LINE" missed="0" covered="31"/><counter type="COMPLEXITY" missed="0" covered="9"/><counter type="METHOD" missed="0" covered="2"/><counter type="CLASS" missed="0" covered="1"/></sourcefile><counter type="INSTRUCTION" missed="0" covered="132"/><counter type="BRANCH" missed="0" covered="14"/><counter type="LINE" missed="0" covered="31"/><counter type="COMPLEXITY" missed="0" covered="9"/><counter type="METHOD" missed="0" covered="2"/><counter type="CLASS" missed="0" covered="1"/></package><package name="com/github/hazendaz/beanprovider/internal/deltaspike/metadata/builder"><class name="com/github/hazendaz/beanprovider/internal/deltaspike/metadata/builder/AnnotatedParameterImpl" sourcefilename="AnnotatedParameterImpl.java"><method name="&lt;init&gt;" desc="(Ljakarta/enterprise/inject/spi/AnnotatedCallable;Ljava/lang/Class;ILcom/github/hazendaz/beanprovider/internal/deltaspike/metadata/builder/AnnotationStore;Ljava/lang/reflect/Type;Ljava/lang/reflect/Type;)V" line="43"><counter type="INSTRUCTION" missed="0" covered="13"/><counter type="LINE" missed="0" covered="4"/><counter type="COMPLEXITY" missed="0" covered="1"/><counter type="METHOD" missed="0" covered="1"/></method><method name="getDeclaringCallable" desc="()Ljakarta/enterprise/inject/spi/AnnotatedCallable;" line="53"><counter type="INSTRUCTION" missed="3" covered="0"/><counter type="LINE" missed="1" covered="0"/><counter type="COMPLEXITY" missed="1" covered="0"/><counter type="METHOD" missed="1" covered="0"/></method><method name="getPosition" desc="()I" line="61"><counter type="INSTRUCTION" missed="0" covered="3"/><counter type="LINE" missed="0" covered="1"/><counter type="COMPLEXITY" missed="0" covered="1"/><counter type="METHOD" missed="0" covered="1"/></method><counter type="INSTRUCTION" missed="3" covered="16"/><counter type="LINE" missed="1" covered="5"/><counter type="COMPLEXITY" missed="1" covered="2"/><counter type="METHOD" missed="1" covered="2"/><counter type="CLASS" missed="0" covered="1"/></class><class name="com/github/hazendaz/beanprovider/internal/deltaspike/metadata/builder/AnnotatedConstructorImpl" sourcefilename="AnnotatedConstructorImpl.java"><method name="&lt;init&gt;" desc="(Lcom/github/hazendaz/beanprovider/internal/deltaspike/metadata/builder/AnnotatedTypeImpl;Ljava/lang/reflect/Constructor;Lcom/github/hazendaz/beanprovider/internal/deltaspike/metadata/builder/AnnotationStore;Ljava/util/Map;Ljava/util/Map;)V" line="43"><counter type="INSTRUCTION" missed="0" covered="15"/><counter type="LINE" missed="0" covered="3"/><counter type="COMPLEXITY" missed="0" covered="1"/><counter type="METHOD" missed="0" covered="1"/></method><method name="getGenericArray" desc="(Ljava/lang/reflect/Constructor;)[Ljava/lang/reflect/Type;" line="48"><counter type="INSTRUCTION" missed="0" covered="41"/><counter type="BRANCH" missed="0" covered="4"/><counter type="LINE" missed="0" covered="7"/><counter type="COMPLEXITY" missed="0" covered="3"/><counter type="METHOD" missed="0" covered="1"/></method><counter type="INSTRUCTION" missed="0" covered="56"/><counter type="BRANCH" missed="0" covered="4"/><counter type="LINE" missed="0" covered="10"/><counter type="COMPLEXITY" missed="0" covered="4"/><counter type="METHOD" missed="0" covered="2"/><counter type="CLASS" missed="0" covered="1"/></class><class name="com/github/hazendaz/beanprovider/internal/deltaspike/metadata/builder/AnnotatedTypeImpl" sourcefilename="AnnotatedTypeImpl.java"><method name="&lt;init&gt;" desc="(Ljava/lang/Class;Lcom/github/hazendaz/beanprovider/internal/deltaspike/metadata/builder/AnnotationStore;Ljava/util/Map;Ljava/util/Map;Ljava/util/Map;Ljava/util/Map;Ljava/util/Map;Ljava/util/Map;Ljava/util/Map;Ljava/util/Map;)V" line="64"><counter type="INSTRUCTION" missed="0" covered="304"/><counter type="BRANCH" missed="1" covered="23"/><counter type="LINE" missed="0" covered="40"/><counter type="COMPLEXITY" missed="1" covered="12"/><counter type="METHOD" missed="0" covered="1"/></method><method name="getConstructors" desc="()Ljava/util/Set;" line="117"><counter type="INSTRUCTION" missed="0" covered="4"/><counter type="LINE" missed="0" covered="1"/><counter type="COMPLEXITY" missed="0" covered="1"/><counter type="METHOD" missed="0" covered="1"/></method><method name="getFields" desc="()Ljava/util/Set;" line="125"><counter type="INSTRUCTION" missed="0" covered="4"/><counter type="LINE" missed="0" covered="1"/><counter type="COMPLEXITY" missed="0" covered="1"/><counter type="METHOD" missed="0" covered="1"/></method><method name="getJavaClass" desc="()Ljava/lang/Class;" line="133"><counter type="INSTRUCTION" missed="0" covered="3"/><counter type="LINE" missed="0" covered="1"/><counter type="COMPLEXITY" missed="0" covered="1"/><counter type="METHOD" missed="0" covered="1"/></method><method name="getMethods" desc="()Ljava/util/Set;" line="141"><counter type="INSTRUCTION" missed="0" covered="4"/><counter type="LINE" missed="0" covered="1"/><counter type="COMPLEXITY" missed="0" covered="1"/><counter type="METHOD" missed="0" covered="1"/></method><counter type="INSTRUCTION" missed="0" covered="319"/><counter type="BRANCH" missed="1" covered="23"/><counter type="LINE" missed="0" covered="44"/><counter type="COMPLEXITY" missed="1" covered="16"/><counter type="METHOD" missed="0" covered="5"/><counter type="CLASS" missed="0" covered="1"/></class><class name="com/github/hazendaz/beanprovider/internal/deltaspike/metadata/builder/AnnotationStore" sourcefilename="AnnotationStore.java"><method name="&lt;init&gt;" desc="(Ljava/util/Map;Ljava/util/Set;)V" line="40"><counter type="INSTRUCTION" missed="0" covered="10"/><counter type="LINE" missed="0" covered="4"/><counter type="COMPLEXITY" missed="0" covered="1"/><counter type="METHOD" missed="0" covered="1"/></method><method name="&lt;init&gt;" desc="()V" line="45"><counter type="INSTRUCTION" missed="9" covered="0"/><counter type="LINE" missed="4" covered="0"/><counter type="COMPLEXITY" missed="1" covered="0"/><counter type="METHOD" missed="1" covered="0"/></method><method name="getAnnotation" desc="(Ljava/lang/Class;)Ljava/lang/annotation/Annotation;" line="51"><counter type="INSTRUCTION" missed="0" covered="8"/><counter type="LINE" missed="0" covered="1"/><counter type="COMPLEXITY" missed="0" covered="1"/><counter type="METHOD" missed="0" covered="1"/></method><method name="getAnnotations" desc="()Ljava/util/Set;" line="55"><counter type="INSTRUCTION" missed="0" covered="3"/><counter type="LINE" missed="0" covered="1"/><counter type="COMPLEXITY" missed="0" covered="1"/><counter type="METHOD" missed="0" covered="1"/></method><method name="isAnnotationPresent" desc="(Ljava/lang/Class;)Z" line="59"><counter type="INSTRUCTION" missed="0" covered="5"/><counter type="LINE" missed="0" covered="1"/><counter type="COMPLEXITY" missed="0" covered="1"/><counter type="METHOD" missed="0" covered="1"/></method><counter type="INSTRUCTION" missed="9" covered="26"/><counter type="LINE" missed="4" covered="7"/><counter type="COMPLEXITY" missed="1" covered="4"/><counter type="METHOD" missed="1" covered="4"/><counter type="CLASS" missed="0" covered="1"/></class><class name="com/github/hazendaz/beanprovider/internal/deltaspike/metadata/builder/AnnotatedFieldImpl" sourcefilename="AnnotatedFieldImpl.java"><method name="&lt;init&gt;" desc="(Ljakarta/enterprise/inject/spi/AnnotatedType;Ljava/lang/reflect/Field;Lcom/github/hazendaz/beanprovider/internal/deltaspike/metadata/builder/AnnotationStore;Ljava/lang/reflect/Type;)V" line="41"><counter type="INSTRUCTION" missed="0" covered="11"/><counter type="LINE" missed="0" covered="2"/><counter type="COMPLEXITY" missed="0" covered="1"/><counter type="METHOD" missed="0" covered="1"/></method><counter type="INSTRUCTION" missed="0" covered="11"/><counter type="LINE" missed="0" covered="2"/><counter type="COMPLEXITY" missed="0" covered="1"/><counter type="METHOD" missed="0" covered="1"/><counter type="CLASS" missed="0" covered="1"/></class><class name="com/github/hazendaz/beanprovider/internal/deltaspike/metadata/builder/AnnotatedTypeBuilder" sourcefilename="AnnotatedTypeBuilder.java"><method name="&lt;init&gt;" desc="()V" line="72"><counter type="INSTRUCTION" missed="0" covered="48"/><counter type="LINE" missed="0" covered="11"/><counter type="COMPLEXITY" missed="0" covered="1"/><counter type="METHOD" missed="0" covered="1"/></method><method name="addToClass" desc="(Ljava/lang/annotation/Annotation;)Lcom/github/hazendaz/beanprovider/internal/deltaspike/metadata/builder/AnnotatedTypeBuilder;" line="94"><counter type="INSTRUCTION" missed="0" covered="7"/><counter type="LINE" missed="0" covered="2"/><counter type="COMPLEXITY" missed="0" covered="1"/><counter type="METHOD" missed="0" covered="1"/></method><method name="removeFromClass" desc="(Ljava/lang/Class;)Lcom/github/hazendaz/beanprovider/internal/deltaspike/metadata/builder/AnnotatedTypeBuilder;" line="108"><counter type="INSTRUCTION" missed="0" covered="7"/><counter type="LINE" missed="0" covered="2"/><counter type="COMPLEXITY" missed="0" covered="1"/><counter type="METHOD" missed="0" covered="1"/></method><method name="addToField" desc="(Ljava/lang/reflect/Field;Ljava/lang/annotation/Annotation;)Lcom/github/hazendaz/beanprovider/internal/deltaspike/metadata/builder/AnnotatedTypeBuilder;" line="124"><counter type="INSTRUCTION" missed="8" covered="15"/><counter type="BRANCH" missed="1" covered="1"/><counter type="LINE" missed="1" covered="3"/><counter type="COMPLEXITY" missed="1" covered="1"/><counter type="METHOD" missed="0" covered="1"/></method><method name="addToField" desc="(Ljakarta/enterprise/inject/spi/AnnotatedField;Ljava/lang/annotation/Annotation;)Lcom/github/hazendaz/beanprovider/internal/deltaspike/metadata/builder/AnnotatedTypeBuilder;" line="143"><counter type="INSTRUCTION" missed="6" covered="0"/><counter type="LINE" missed="1" covered="0"/><counter type="COMPLEXITY" missed="1" covered="0"/><counter type="METHOD" missed="1" covered="0"/></method><method name="removeFromField" desc="(Ljava/lang/reflect/Field;Ljava/lang/Class;)Lcom/github/hazendaz/beanprovider/internal/deltaspike/metadata/builder/AnnotatedTypeBuilder;" line="158"><counter type="INSTRUCTION" missed="10" covered="15"/><counter type="BRANCH" missed="1" covered="1"/><counter type="LINE" missed="1" covered="3"/><counter type="COMPLEXITY" missed="1" covered="1"/><counter type="METHOD" missed="0" covered="1"/></method><method name="removeFromField" desc="(Ljakarta/enterprise/inject/spi/AnnotatedField;Ljava/lang/Class;)Lcom/github/hazendaz/beanprovider/internal/deltaspike/metadata/builder/AnnotatedTypeBuilder;" line="179"><counter type="INSTRUCTION" missed="6" covered="0"/><counter type="LINE" missed="1" covered="0"/><counter type="COMPLEXITY" missed="1" covered="0"/><counter type="METHOD" missed="1" covered="0"/></method><method name="addToMethod" desc="(Ljava/lang/reflect/Method;Ljava/lang/annotation/Annotation;)Lcom/github/hazendaz/beanprovider/internal/deltaspike/metadata/builder/AnnotatedTypeBuilder;" line="194"><counter type="INSTRUCTION" missed="23" covered="0"/><counter type="BRANCH" missed="2" covered="0"/><counter type="LINE" missed="4" covered="0"/><counter type="COMPLEXITY" missed="2" covered="0"/><counter type="METHOD" missed="1" covered="0"/></method><method name="addToMethod" desc="(Ljakarta/enterprise/inject/spi/AnnotatedMethod;Ljava/lang/annotation/Annotation;)Lcom/github/hazendaz/beanprovider/internal/deltaspike/metadata/builder/AnnotatedTypeBuilder;" line="213"><counter type="INSTRUCTION" missed="6" covered="0"/><counter type="LINE" missed="1" covered="0"/><counter type="COMPLEXITY" missed="1" covered="0"/><counter type="METHOD" missed="1" covered="0"/></method><method name="removeFromMethod" desc="(Ljava/lang/reflect/Method;Ljava/lang/Class;)Lcom/github/hazendaz/beanprovider/internal/deltaspike/metadata/builder/AnnotatedTypeBuilder;" line="228"><counter type="INSTRUCTION" missed="25" covered="0"/><counter type="BRANCH" missed="2" covered="0"/><counter type="LINE" missed="4" covered="0"/><counter type="COMPLEXITY" missed="2" covered="0"/><counter type="METHOD" missed="1" covered="0"/></method><method name="removeFromMethod" desc="(Ljakarta/enterprise/inject/spi/AnnotatedMethod;Ljava/lang/Class;)Lcom/github/hazendaz/beanprovider/internal/deltaspike/metadata/builder/AnnotatedTypeBuilder;" line="249"><counter type="INSTRUCTION" missed="6" covered="0"/><counter type="LINE" missed="1" covered="0"/><counter type="COMPLEXITY" missed="1" covered="0"/><counter type="METHOD" missed="1" covered="0"/></method><method name="addToMethodParameter" desc="(Ljava/lang/reflect/Method;ILjava/lang/annotation/Annotation;)Lcom/github/hazendaz/beanprovider/internal/deltaspike/metadata/builder/AnnotatedTypeBuilder;" line="267"><counter type="INSTRUCTION" missed="61" covered="0"/><counter type="BRANCH" missed="6" covered="0"/><counter type="LINE" missed="8" covered="0"/><counter type="COMPLEXITY" missed="4" covered="0"/><counter type="METHOD" missed="1" covered="0"/></method><method name="removeFromMethodParameter" desc="(Ljava/lang/reflect/Method;ILjava/lang/Class;)Lcom/github/hazendaz/beanprovider/internal/deltaspike/metadata/builder/AnnotatedTypeBuilder;" line="296"><counter type="INSTRUCTION" missed="60" covered="0"/><counter type="BRANCH" missed="4" covered="0"/><counter type="LINE" missed="8" covered="0"/><counter type="COMPLEXITY" missed="3" covered="0"/><counter type="METHOD" missed="1" covered="0"/></method><method name="addToConstructor" desc="(Ljava/lang/reflect/Constructor;Ljava/lang/annotation/Annotation;)Lcom/github/hazendaz/beanprovider/internal/deltaspike/metadata/builder/AnnotatedTypeBuilder;" line="322"><counter type="INSTRUCTION" missed="23" covered="0"/><counter type="BRANCH" missed="2" covered="0"/><counter type="LINE" missed="4" covered="0"/><counter type="COMPLEXITY" missed="2" covered="0"/><counter type="METHOD" missed="1" covered="0"/></method><method name="addToConstructor" desc="(Ljakarta/enterprise/inject/spi/AnnotatedConstructor;Ljava/lang/annotation/Annotation;)Lcom/github/hazendaz/beanprovider/internal/deltaspike/metadata/builder/AnnotatedTypeBuilder;" line="341"><counter type="INSTRUCTION" missed="6" covered="0"/><counter type="LINE" missed="1" covered="0"/><counter type="COMPLEXITY" missed="1" covered="0"/><counter type="METHOD" missed="1" covered="0"/></method><method name="removeFromConstructor" desc="(Ljava/lang/reflect/Constructor;Ljava/lang/Class;)Lcom/github/hazendaz/beanprovider/internal/deltaspike/metadata/builder/AnnotatedTypeBuilder;" line="357"><counter type="INSTRUCTION" missed="15" covered="0"/><counter type="BRANCH" missed="2" covered="0"/><counter type="LINE" missed="3" covered="0"/><counter type="COMPLEXITY" missed="2" covered="0"/><counter type="METHOD" missed="1" covered="0"/></method><method name="removeFromConstructor" desc="(Ljakarta/enterprise/inject/spi/AnnotatedConstructor;Ljava/lang/Class;)Lcom/github/hazendaz/beanprovider/internal/deltaspike/metadata/builder/AnnotatedTypeBuilder;" line="377"><counter type="INSTRUCTION" missed="6" covered="0"/><counter type="LINE" missed="1" covered="0"/><counter type="COMPLEXITY" missed="1" covered="0"/><counter type="METHOD" missed="1" covered="0"/></method><method name="addToConstructorParameter" desc="(Ljava/lang/reflect/Constructor;ILjava/lang/annotation/Annotation;)Lcom/github/hazendaz/beanprovider/internal/deltaspike/metadata/builder/AnnotatedTypeBuilder;" line="396"><counter type="INSTRUCTION" missed="28" covered="33"/><counter type="BRANCH" missed="3" covered="3"/><counter type="LINE" missed="3" covered="5"/><counter type="COMPLEXITY" missed="3" covered="1"/><counter type="METHOD" missed="0" covered="1"/></method><method name="removeFromConstructorParameter" desc="(Ljava/lang/reflect/Constructor;ILjava/lang/Class;)Lcom/github/hazendaz/beanprovider/internal/deltaspike/metadata/builder/AnnotatedTypeBuilder;" line="425"><counter type="INSTRUCTION" missed="0" covered="28"/><counter type="BRANCH" missed="2" covered="2"/><counter type="LINE" missed="0" covered="4"/><counter type="COMPLEXITY" missed="2" covered="1"/><counter type="METHOD" missed="0" covered="1"/></method><method name="removeFromParameter" desc="(Ljakarta/enterprise/inject/spi/AnnotatedParameter;Ljava/lang/Class;)Lcom/github/hazendaz/beanprovider/internal/deltaspike/metadata/builder/AnnotatedTypeBuilder;" line="446"><counter type="INSTRUCTION" missed="45" covered="0"/><counter type="BRANCH" missed="4" covered="0"/><counter type="LINE" missed="8" covered="0"/><counter type="COMPLEXITY" missed="3" covered="0"/><counter type="METHOD" missed="1" covered="0"/></method><method name="addToParameter" desc="(Ljakarta/enterprise/inject/spi/AnnotatedParameter;Ljava/lang/annotation/Annotation;)Lcom/github/hazendaz/beanprovider/internal/deltaspike/metadata/builder/AnnotatedTypeBuilder;" line="473"><counter type="INSTRUCTION" missed="45" covered="0"/><counter type="BRANCH" missed="4" covered="0"/><counter type="LINE" missed="8" covered="0"/><counter type="COMPLEXITY" missed="3" covered="0"/><counter type="METHOD" missed="1" covered="0"/></method><method name="removeFromAll" desc="(Ljava/lang/Class;)Lcom/github/hazendaz/beanprovider/internal/deltaspike/metadata/builder/AnnotatedTypeBuilder;" line="498"><counter type="INSTRUCTION" missed="12" covered="123"/><counter type="BRANCH" missed="1" covered="15"/><counter type="LINE" missed="1" covered="22"/><counter type="COMPLEXITY" missed="1" covered="8"/><counter type="METHOD" missed="0" covered="1"/></method><method name="readFromType" desc="(Ljakarta/enterprise/inject/spi/AnnotatedType;)Lcom/github/hazendaz/beanprovider/internal/deltaspike/metadata/builder/AnnotatedTypeBuilder;" line="537"><counter type="INSTRUCTION" missed="0" covered="5"/><counter type="LINE" missed="0" covered="1"/><counter type="COMPLEXITY" missed="0" covered="1"/><counter type="METHOD" missed="0" covered="1"/></method><method name="readFromType" desc="(Ljakarta/enterprise/inject/spi/AnnotatedType;Z)Lcom/github/hazendaz/beanprovider/internal/deltaspike/metadata/builder/AnnotatedTypeBuilder;" line="554"><counter type="INSTRUCTION" missed="12" covered="264"/><counter type="BRANCH" missed="2" covered="28"/><counter type="LINE" missed="1" covered="36"/><counter type="COMPLEXITY" missed="2" covered="14"/><counter type="METHOD" missed="0" covered="1"/></method><method name="readFromType" desc="(Ljava/lang/Class;)Lcom/github/hazendaz/beanprovider/internal/deltaspike/metadata/builder/AnnotatedTypeBuilder;" line="613"><counter type="INSTRUCTION" missed="0" covered="5"/><counter type="LINE" missed="0" covered="1"/><counter type="COMPLEXITY" missed="0" covered="1"/><counter type="METHOD" missed="0" covered="1"/></method><method name="readFromType" desc="(Ljava/lang/Class;Z)Lcom/github/hazendaz/beanprovider/internal/deltaspike/metadata/builder/AnnotatedTypeBuilder;" line="626"><counter type="INSTRUCTION" missed="57" covered="335"/><counter type="BRANCH" missed="31" covered="35"/><counter type="LINE" missed="3" covered="58"/><counter type="COMPLEXITY" missed="23" covered="11"/><counter type="METHOD" missed="0" covered="1"/></method><method name="mergeAnnotationsOnElement" desc="(Ljakarta/enterprise/inject/spi/Annotated;ZLcom/github/hazendaz/beanprovider/internal/deltaspike/metadata/builder/AnnotationBuilder;)V" line="723"><counter type="INSTRUCTION" missed="10" covered="24"/><counter type="BRANCH" missed="1" covered="5"/><counter type="LINE" missed="2" covered="6"/><counter type="COMPLEXITY" missed="1" covered="3"/><counter type="METHOD" missed="0" covered="1"/></method><method name="create" desc="()Ljakarta/enterprise/inject/spi/AnnotatedType;" line="740"><counter type="INSTRUCTION" missed="0" covered="205"/><counter type="BRANCH" missed="0" covered="14"/><counter type="LINE" missed="0" covered="29"/><counter type="COMPLEXITY" missed="0" covered="8"/><counter type="METHOD" missed="0" covered="1"/></method><method name="overrideFieldType" desc="(Ljava/lang/reflect/Field;Ljava/lang/reflect/Type;)V" line="789"><counter type="INSTRUCTION" missed="35" covered="0"/><counter type="BRANCH" missed="4" covered="0"/><counter type="LINE" missed="6" covered="0"/><counter type="COMPLEXITY" missed="3" covered="0"/><counter type="METHOD" missed="1" covered="0"/></method><method name="overrideFieldType" desc="(Ljakarta/enterprise/inject/spi/AnnotatedField;Ljava/lang/reflect/Type;)V" line="810"><counter type="INSTRUCTION" missed="6" covered="0"/><counter type="LINE" missed="2" covered="0"/><counter type="COMPLEXITY" missed="1" covered="0"/><counter type="METHOD" missed="1" covered="0"/></method><method name="overrideMethodParameterType" desc="(Ljava/lang/reflect/Method;ILjava/lang/reflect/Type;)Lcom/github/hazendaz/beanprovider/internal/deltaspike/metadata/builder/AnnotatedTypeBuilder;" line="827"><counter type="INSTRUCTION" missed="53" covered="0"/><counter type="BRANCH" missed="6" covered="0"/><counter type="LINE" missed="8" covered="0"/><counter type="COMPLEXITY" missed="4" covered="0"/><counter type="METHOD" missed="1" covered="0"/></method><method name="overrideConstructorParameterType" desc="(Ljava/lang/reflect/Constructor;ILjava/lang/reflect/Type;)Lcom/github/hazendaz/beanprovider/internal/deltaspike/metadata/builder/AnnotatedTypeBuilder;" line="855"><counter type="INSTRUCTION" missed="53" covered="0"/><counter type="BRANCH" missed="6" covered="0"/><counter type="LINE" missed="8" covered="0"/><counter type="COMPLEXITY" missed="4" covered="0"/><counter type="METHOD" missed="1" covered="0"/></method><method name="overrideParameterType" desc="(Ljakarta/enterprise/inject/spi/AnnotatedParameter;Ljava/lang/reflect/Type;)Lcom/github/hazendaz/beanprovider/internal/deltaspike/metadata/builder/AnnotatedTypeBuilder;" line="880"><counter type="INSTRUCTION" missed="45" covered="0"/><counter type="BRANCH" missed="4" covered="0"/><counter type="LINE" missed="8" covered="0"/><counter type="COMPLEXITY" missed="3" covered="0"/><counter type="METHOD" missed="1" covered="0"/></method><method name="getJavaClass" desc="()Ljava/lang/Class;" line="898"><counter type="INSTRUCTION" missed="3" covered="0"/><counter type="LINE" missed="1" covered="0"/><counter type="COMPLEXITY" missed="1" covered="0"/><counter type="METHOD" missed="1" covered="0"/></method><method name="setJavaClass" desc="(Ljava/lang/Class;)Lcom/github/hazendaz/beanprovider/internal/deltaspike/metadata/builder/AnnotatedTypeBuilder;" line="905"><counter type="INSTRUCTION" missed="5" covered="0"/><counter type="LINE" missed="2" covered="0"/><counter type="COMPLEXITY" missed="1" covered="0"/><counter type="METHOD" missed="1" covered="0"/></method><counter type="INSTRUCTION" missed="670" covered="1114"/><counter type="BRANCH" missed="88" covered="104"/><counter type="LINE" missed="100" covered="183"/><counter type="COMPLEXITY" missed="78" covered="53"/><counter type="METHOD" missed="21" covered="14"/><counter type="CLASS" missed="0" covered="1"/></class><class name="com/github/hazendaz/beanprovider/internal/deltaspike/metadata/builder/AnnotationBuilder" sourcefilename="AnnotationBuilder.java"><method name="&lt;init&gt;" desc="()V" line="46"><counter type="INSTRUCTION" missed="0" covered="13"/><counter type="LINE" missed="0" covered="4"/><counter type="COMPLEXITY" missed="0" covered="1"/><counter type="METHOD" missed="0" covered="1"/></method><method name="add" desc="(Ljava/lang/annotation/Annotation;)Lcom/github/hazendaz/beanprovider/internal/deltaspike/metadata/builder/AnnotationBuilder;" line="60"><counter type="INSTRUCTION" missed="5" covered="16"/><counter type="BRANCH" missed="1" covered="1"/><counter type="LINE" missed="1" covered="4"/><counter type="COMPLEXITY" missed="1" covered="1"/><counter type="METHOD" missed="0" covered="1"/></method><method name="remove" desc="(Ljava/lang/Class;)Lcom/github/hazendaz/beanprovider/internal/deltaspike/metadata/builder/AnnotationBuilder;" line="77"><counter type="INSTRUCTION" missed="5" covered="28"/><counter type="BRANCH" missed="1" covered="5"/><counter type="LINE" missed="1" covered="9"/><counter type="COMPLEXITY" missed="1" covered="3"/><counter type="METHOD" missed="0" covered="1"/></method><method name="create" desc="()Lcom/github/hazendaz/beanprovider/internal/deltaspike/metadata/builder/AnnotationStore;" line="98"><counter type="INSTRUCTION" missed="0" covered="8"/><counter type="LINE" missed="0" covered="1"/><counter type="COMPLEXITY" missed="0" covered="1"/><counter type="METHOD" missed="0" covered="1"/></method><method name="addAll" desc="(Ljava/util/Collection;)Lcom/github/hazendaz/beanprovider/internal/deltaspike/metadata/builder/AnnotationBuilder;" line="110"><counter type="INSTRUCTION" missed="17" covered="0"/><counter type="BRANCH" missed="2" covered="0"/><counter type="LINE" missed="4" covered="0"/><counter type="COMPLEXITY" missed="2" covered="0"/><counter type="METHOD" missed="1" covered="0"/></method><method name="addAll" desc="(Lcom/github/hazendaz/beanprovider/internal/deltaspike/metadata/builder/AnnotationStore;)Lcom/github/hazendaz/beanprovider/internal/deltaspike/metadata/builder/AnnotationBuilder;" line="125"><counter type="INSTRUCTION" missed="0" covered="18"/><counter type="BRANCH" missed="0" covered="2"/><counter type="LINE" missed="0" covered="4"/><counter type="COMPLEXITY" missed="0" covered="2"/><counter type="METHOD" missed="0" covered="1"/></method><method name="addAll" desc="(Ljava/lang/reflect/AnnotatedElement;)Lcom/github/hazendaz/beanprovider/internal/deltaspike/metadata/builder/AnnotationBuilder;" line="140"><counter type="INSTRUCTION" missed="23" covered="0"/><counter type="BRANCH" missed="2" covered="0"/><counter type="LINE" missed="3" covered="0"/><counter type="COMPLEXITY" missed="2" covered="0"/><counter type="METHOD" missed="1" covered="0"/></method><method name="getAnnotation" desc="(Ljava/lang/Class;)Ljava/lang/annotation/Annotation;" line="150"><counter type="INSTRUCTION" missed="0" covered="6"/><counter type="LINE" missed="0" covered="1"/><counter type="COMPLEXITY" missed="0" covered="1"/><counter type="METHOD" missed="0" covered="1"/></method><method name="isAnnotationPresent" desc="(Ljava/lang/Class;)Z" line="157"><counter type="INSTRUCTION" missed="5" covered="0"/><counter type="LINE" missed="1" covered="0"/><counter type="COMPLEXITY" missed="1" covered="0"/><counter type="METHOD" missed="1" covered="0"/></method><method name="toString" desc="()Ljava/lang/String;" line="165"><counter type="INSTRUCTION" missed="4" covered="0"/><counter type="LINE" missed="1" covered="0"/><counter type="COMPLEXITY" missed="1" covered="0"/><counter type="METHOD" missed="1" covered="0"/></method><counter type="INSTRUCTION" missed="59" covered="89"/><counter type="BRANCH" missed="6" covered="8"/><counter type="LINE" missed="11" covered="23"/><counter type="COMPLEXITY" missed="8" covered="9"/><counter type="METHOD" missed="4" covered="6"/><counter type="CLASS" missed="0" covered="1"/></class><class name="com/github/hazendaz/beanprovider/internal/deltaspike/metadata/builder/AnnotatedImpl" sourcefilename="AnnotatedImpl.java"><method name="&lt;init&gt;" desc="(Ljava/lang/Class;Lcom/github/hazendaz/beanprovider/internal/deltaspike/metadata/builder/AnnotationStore;Ljava/lang/reflect/Type;Ljava/lang/reflect/Type;)V" line="44"><counter type="INSTRUCTION" missed="13" covered="34"/><counter type="BRANCH" missed="2" covered="4"/><counter type="LINE" missed="3" covered="10"/><counter type="COMPLEXITY" missed="2" covered="2"/><counter type="METHOD" missed="0" covered="1"/></method><method name="getAnnotation" desc="(Ljava/lang/Class;)Ljava/lang/annotation/Annotation;" line="70"><counter type="INSTRUCTION" missed="0" covered="5"/><counter type="LINE" missed="0" covered="1"/><counter type="COMPLEXITY" missed="0" covered="1"/><counter type="METHOD" missed="0" covered="1"/></method><method name="getAnnotations" desc="()Ljava/util/Set;" line="78"><counter type="INSTRUCTION" missed="0" covered="4"/><counter type="LINE" missed="0" covered="1"/><counter type="COMPLEXITY" missed="0" covered="1"/><counter type="METHOD" missed="0" covered="1"/></method><method name="isAnnotationPresent" desc="(Ljava/lang/Class;)Z" line="86"><counter type="INSTRUCTION" missed="0" covered="5"/><counter type="LINE" missed="0" covered="1"/><counter type="COMPLEXITY" missed="0" covered="1"/><counter type="METHOD" missed="0" covered="1"/></method><method name="getTypeClosure" desc="()Ljava/util/Set;" line="94"><counter type="INSTRUCTION" missed="0" covered="6"/><counter type="LINE" missed="0" covered="1"/><counter type="COMPLEXITY" missed="0" covered="1"/><counter type="METHOD" missed="0" covered="1"/></method><method name="getBaseType" desc="()Ljava/lang/reflect/Type;" line="102"><counter type="INSTRUCTION" missed="0" covered="3"/><counter type="LINE" missed="0" covered="1"/><counter type="COMPLEXITY" missed="0" covered="1"/><counter type="METHOD" missed="0" covered="1"/></method><counter type="INSTRUCTION" missed="13" covered="57"/><counter type="BRANCH" missed="2" covered="4"/><counter type="LINE" missed="3" covered="15"/><counter type="COMPLEXITY" missed="2" covered="7"/><counter type="METHOD" missed="0" covered="6"/><counter type="CLASS" missed="0" covered="1"/></class><class name="com/github/hazendaz/beanprovider/internal/deltaspike/metadata/builder/AnnotatedCallableImpl" sourcefilename="AnnotatedCallableImpl.java"><method name="&lt;init&gt;" desc="(Ljakarta/enterprise/inject/spi/AnnotatedType;Ljava/lang/reflect/Member;Ljava/lang/Class;[Ljava/lang/Class;[Ljava/lang/reflect/Type;Lcom/github/hazendaz/beanprovider/internal/deltaspike/metadata/builder/AnnotationStore;Ljava/util/Map;Ljava/lang/reflect/Type;Ljava/util/Map;)V" line="48"><counter type="INSTRUCTION" missed="0" covered="17"/><counter type="LINE" missed="0" covered="3"/><counter type="COMPLEXITY" missed="0" covered="1"/><counter type="METHOD" missed="0" covered="1"/></method><method name="getParameters" desc="()Ljava/util/List;" line="58"><counter type="INSTRUCTION" missed="0" covered="4"/><counter type="LINE" missed="0" covered="1"/><counter type="COMPLEXITY" missed="0" covered="1"/><counter type="METHOD" missed="0" covered="1"/></method><method name="getParameter" desc="(I)Ljakarta/enterprise/inject/spi/AnnotatedParameter;" line="62"><counter type="INSTRUCTION" missed="6" covered="0"/><counter type="LINE" missed="1" covered="0"/><counter type="COMPLEXITY" missed="1" covered="0"/><counter type="METHOD" missed="1" covered="0"/></method><method name="getAnnotatedParameters" desc="(Lcom/github/hazendaz/beanprovider/internal/deltaspike/metadata/builder/AnnotatedCallableImpl;[Ljava/lang/Class;[Ljava/lang/reflect/Type;Ljava/util/Map;Ljava/util/Map;)Ljava/util/List;" line="69"><counter type="INSTRUCTION" missed="6" covered="58"/><counter type="BRANCH" missed="3" covered="5"/><counter type="LINE" missed="1" covered="11"/><counter type="COMPLEXITY" missed="3" covered="2"/><counter type="METHOD" missed="0" covered="1"/></method><counter type="INSTRUCTION" missed="12" covered="79"/><counter type="BRANCH" missed="3" covered="5"/><counter type="LINE" missed="2" covered="15"/><counter type="COMPLEXITY" missed="4" covered="4"/><counter type="METHOD" missed="1" covered="3"/><counter type="CLASS" missed="0" covered="1"/></class><class name="com/github/hazendaz/beanprovider/internal/deltaspike/metadata/builder/AnnotatedMemberImpl" sourcefilename="AnnotatedMemberImpl.java"><method name="&lt;init&gt;" desc="(Ljakarta/enterprise/inject/spi/AnnotatedType;Ljava/lang/reflect/Member;Ljava/lang/Class;Lcom/github/hazendaz/beanprovider/internal/deltaspike/metadata/builder/AnnotationStore;Ljava/lang/reflect/Type;Ljava/lang/reflect/Type;)V" line="42"><counter type="INSTRUCTION" missed="0" covered="13"/><counter type="LINE" missed="0" covered="4"/><counter type="COMPLEXITY" missed="0" covered="1"/><counter type="METHOD" missed="0" covered="1"/></method><method name="getDeclaringType" desc="()Ljakarta/enterprise/inject/spi/AnnotatedType;" line="52"><counter type="INSTRUCTION" missed="3" covered="0"/><counter type="LINE" missed="1" covered="0"/><counter type="COMPLEXITY" missed="1" covered="0"/><counter type="METHOD" missed="1" covered="0"/></method><method name="getJavaMember" desc="()Ljava/lang/reflect/Member;" line="60"><counter type="INSTRUCTION" missed="0" covered="3"/><counter type="LINE" missed="0" covered="1"/><counter type="COMPLEXITY" missed="0" covered="1"/><counter type="METHOD" missed="0" covered="1"/></method><method name="isStatic" desc="()Z" line="68"><counter type="INSTRUCTION" missed="5" covered="0"/><counter type="LINE" missed="1" covered="0"/><counter type="COMPLEXITY" missed="1" covered="0"/><counter type="METHOD" missed="1" covered="0"/></method><counter type="INSTRUCTION" missed="8" covered="16"/><counter type="LINE" missed="2" covered="5"/><counter type="COMPLEXITY" missed="2" covered="2"/><counter type="METHOD" missed="2" covered="2"/><counter type="CLASS" missed="0" covered="1"/></class><class name="com/github/hazendaz/beanprovider/internal/deltaspike/metadata/builder/AnnotatedMethodImpl" sourcefilename="AnnotatedMethodImpl.java"><method name="&lt;init&gt;" desc="(Ljakarta/enterprise/inject/spi/AnnotatedType;Ljava/lang/reflect/Method;Lcom/github/hazendaz/beanprovider/internal/deltaspike/metadata/builder/AnnotationStore;Ljava/util/Map;Ljava/util/Map;)V" line="42"><counter type="INSTRUCTION" missed="0" covered="16"/><counter type="LINE" missed="0" covered="3"/><counter type="COMPLEXITY" missed="0" covered="1"/><counter type="METHOD" missed="0" covered="1"/></method><counter type="INSTRUCTION" missed="0" covered="16"/><counter type="LINE" missed="0" covered="3"/><counter type="COMPLEXITY" missed="0" covered="1"/><counter type="METHOD" missed="0" covered="1"/><counter type="CLASS" missed="0" covered="1"/></class><sourcefile name="AnnotatedConstructorImpl.java"><line nr="43" mi="0" ci="9" mb="0" cb="0"/><line nr="44" mi="0" ci="5" mb="0" cb="0"/><line nr="45" mi="0" ci="1" mb="0" cb="0"/><line nr="48" mi="0" ci="3" mb="0" cb="0"/><line nr="53" mi="0" ci="6" mb="0" cb="2"/><line nr="54" mi="0" ci="5" mb="0" cb="0"/><line nr="55" mi="0" ci="7" mb="0" cb="0"/><line nr="56" mi="0" ci="9" mb="0" cb="2"/><line nr="57" mi="0" ci="9" mb="0" cb="0"/><line nr="60" mi="0" ci="2" mb="0" cb="0"/><counter type="INSTRUCTION" missed="0" covered="56"/><counter type="BRANCH" missed="0" covered="4"/><counter type="LINE" missed="0" covered="10"/><counter type="COMPLEXITY" missed="0" covered="4"/><counter type="METHOD" missed="0" covered="2"/><counter type="CLASS" missed="0" covered="1"/></sourcefile><sourcefile name="AnnotatedCallableImpl.java"><line nr="48" mi="0" ci="8" mb="0" cb="0"/><line nr="49" mi="0" ci="8" mb="0" cb="0"/><line nr="51" mi="0" ci="1" mb="0" cb="0"/><line nr="58" mi="0" ci="4" mb="0" cb="0"/><line nr="62" mi="6" ci="0" mb="0" cb="0"/><line nr="69" mi="0" ci="4" mb="0" cb="0"/><line nr="70" mi="0" ci="3" mb="0" cb="0"/><line nr="72" mi="0" ci="7" mb="0" cb="2"/><line nr="73" mi="0" ci="4" mb="0" cb="0"/><line nr="74" mi="0" ci="7" mb="2" cb="2"/><line nr="75" mi="0" ci="8" mb="0" cb="0"/><line nr="77" mi="0" ci="2" mb="0" cb="0"/><line nr="78" mi="0" ci="2" mb="1" cb="1"/><line nr="79" mi="6" ci="0" mb="0" cb="0"/><line nr="81" mi="0" ci="15" mb="0" cb="0"/><line nr="84" mi="0" ci="4" mb="0" cb="0"/><line nr="86" mi="0" ci="2" mb="0" cb="0"/><counter type="INSTRUCTION" missed="12" covered="79"/><counter type="BRANCH" missed="3" covered="5"/><counter type="LINE" missed="2" covered="15"/><counter type="COMPLEXITY" missed="4" covered="4"/><counter type="METHOD" missed="1" covered="3"/><counter type="CLASS" missed="0" covered="1"/></sourcefile><sourcefile name="AnnotatedImpl.java"><line nr="44" mi="0" ci="2" mb="0" cb="0"/><line nr="45" mi="0" ci="2" mb="1" cb="1"/><line nr="46" mi="0" ci="2" mb="0" cb="2"/><line nr="47" mi="0" ci="7" mb="0" cb="0"/><line nr="48" mi="0" ci="4" mb="0" cb="0"/><line nr="50" mi="0" ci="7" mb="0" cb="0"/><line nr="51" mi="0" ci="4" mb="0" cb="0"/><line nr="54" mi="3" ci="0" mb="0" cb="0"/><line nr="55" mi="4" ci="0" mb="0" cb="0"/><line nr="58" mi="0" ci="2" mb="1" cb="1"/><line nr="59" mi="6" ci="0" mb="0" cb="0"/><line nr="61" mi="0" ci="3" mb="0" cb="0"/><line nr="63" mi="0" ci="1" mb="0" cb="0"/><line nr="70" mi="0" ci="5" mb="0" cb="0"/><line nr="78" mi="0" ci="4" mb="0" cb="0"/><line nr="86" mi="0" ci="5" mb="0" cb="0"/><line nr="94" mi="0" ci="6" mb="0" cb="0"/><line nr="102" mi="0" ci="3" mb="0" cb="0"/><counter type="INSTRUCTION" missed="13" covered="57"/><counter type="BRANCH" missed="2" covered="4"/><counter type="LINE" missed="3" covered="15"/><counter type="COMPLEXITY" missed="2" covered="7"/><counter type="METHOD" missed="0" covered="6"/><counter type="CLASS" missed="0" covered="1"/></sourcefile><sourcefile name="AnnotatedTypeBuilder.java"><line nr="72" mi="0" ci="2" mb="0" cb="0"/><line nr="73" mi="0" ci="5" mb="0" cb="0"/><line nr="74" mi="0" ci="5" mb="0" cb="0"/><line nr="75" mi="0" ci="5" mb="0" cb="0"/><line nr="76" mi="0" ci="5" mb="0" cb="0"/><line nr="77" mi="0" ci="5" mb="0" cb="0"/><line nr="78" mi="0" ci="5" mb="0" cb="0"/><line nr="79" mi="0" ci="5" mb="0" cb="0"/><line nr="80" mi="0" ci="5" mb="0" cb="0"/><line nr="81" mi="0" ci="5" mb="0" cb="0"/><line nr="82" mi="0" ci="1" mb="0" cb="0"/><line nr="94" mi="0" ci="5" mb="0" cb="0"/><line nr="95" mi="0" ci="2" mb="0" cb="0"/><line nr="108" mi="0" ci="5" mb="0" cb="0"/><line nr="109" mi="0" ci="2" mb="0" cb="0"/><line nr="124" mi="0" ci="5" mb="1" cb="1"/><line nr="125" mi="8" ci="0" mb="0" cb="0"/><line nr="127" mi="0" ci="8" mb="0" cb="0"/><line nr="128" mi="0" ci="2" mb="0" cb="0"/><line nr="143" mi="6" ci="0" mb="0" cb="0"/><line nr="158" mi="0" ci="5" mb="1" cb="1"/><line nr="159" mi="10" ci="0" mb="0" cb="0"/><line nr="161" mi="0" ci="8" mb="0" cb="0"/><line nr="163" mi="0" ci="2" mb="0" cb="0"/><line nr="179" mi="6" ci="0" mb="0" cb="0"/><line nr="194" mi="5" ci="0" mb="2" cb="0"/><line nr="195" mi="8" ci="0" mb="0" cb="0"/><line nr="197" mi="8" ci="0" mb="0" cb="0"/><line nr="198" mi="2" ci="0" mb="0" cb="0"/><line nr="213" mi="6" ci="0" mb="0" cb="0"/><line nr="228" mi="5" ci="0" mb="2" cb="0"/><line nr="229" mi="10" ci="0" mb="0" cb="0"/><line nr="231" mi="8" ci="0" mb="0" cb="0"/><line nr="233" mi="2" ci="0" mb="0" cb="0"/><line nr="249" mi="6" ci="0" mb="0" cb="0"/><line nr="267" mi="5" ci="0" mb="2" cb="0"/><line nr="268" mi="8" ci="0" mb="0" cb="0"/><line nr="270" mi="5" ci="0" mb="2" cb="0"/><line nr="271" mi="8" ci="0" mb="0" cb="0"/><line nr="273" mi="9" ci="0" mb="2" cb="0"/><line nr="274" mi="12" ci="0" mb="0" cb="0"/><line nr="276" mi="12" ci="0" mb="0" cb="0"/><line nr="277" mi="2" ci="0" mb="0" cb="0"/><line nr="296" mi="5" ci="0" mb="2" cb="0"/><line nr="297" mi="10" ci="0" mb="0" cb="0"/><line nr="299" mi="9" ci="0" mb="2" cb="0"/><line nr="300" mi="12" ci="0" mb="0" cb="0"/><line nr="301" mi="8" ci="0" mb="0" cb="0"/><line nr="302" mi="2" ci="0" mb="0" cb="0"/><line nr="304" mi="12" ci="0" mb="0" cb="0"/><line nr="307" mi="2" ci="0" mb="0" cb="0"/><line nr="322" mi="5" ci="0" mb="2" cb="0"/><line nr="323" mi="8" ci="0" mb="0" cb="0"/><line nr="325" mi="8" ci="0" mb="0" cb="0"/><line nr="326" mi="2" ci="0" mb="0" cb="0"/><line nr="341" mi="6" ci="0" mb="0" cb="0"/><line nr="357" mi="5" ci="0" mb="2" cb="0"/><line nr="358" mi="8" ci="0" mb="0" cb="0"/><line nr="360" mi="2" ci="0" mb="0" cb="0"/><line nr="377" mi="6" ci="0" mb="0" cb="0"/><line nr="396" mi="0" ci="5" mb="1" cb="1"/><line nr="397" mi="8" ci="0" mb="0" cb="0"/><line nr="399" mi="0" ci="5" mb="1" cb="1"/><line nr="400" mi="8" ci="0" mb="0" cb="0"/><line nr="402" mi="0" ci="9" mb="1" cb="1"/><line nr="403" mi="12" ci="0" mb="0" cb="0"/><line nr="405" mi="0" ci="12" mb="0" cb="0"/><line nr="406" mi="0" ci="2" mb="0" cb="0"/><line nr="425" mi="0" ci="8" mb="1" cb="1"/><line nr="426" mi="0" ci="6" mb="1" cb="1"/><line nr="427" mi="0" ci="12" mb="0" cb="0"/><line nr="429" mi="0" ci="2" mb="0" cb="0"/><line nr="446" mi="5" ci="0" mb="2" cb="0"/><line nr="447" mi="5" ci="0" mb="0" cb="0"/><line nr="448" mi="7" ci="0" mb="0" cb="0"/><line nr="450" mi="5" ci="0" mb="2" cb="0"/><line nr="452" mi="5" ci="0" mb="0" cb="0"/><line nr="453" mi="7" ci="0" mb="0" cb="0"/><line nr="455" mi="5" ci="0" mb="0" cb="0"/><line nr="456" mi="6" ci="0" mb="0" cb="0"/><line nr="473" mi="5" ci="0" mb="2" cb="0"/><line nr="474" mi="5" ci="0" mb="0" cb="0"/><line nr="475" mi="7" ci="0" mb="0" cb="0"/><line nr="477" mi="5" ci="0" mb="2" cb="0"/><line nr="479" mi="5" ci="0" mb="0" cb="0"/><line nr="480" mi="7" ci="0" mb="0" cb="0"/><line nr="482" mi="5" ci="0" mb="0" cb="0"/><line nr="483" mi="6" ci="0" mb="0" cb="0"/><line nr="498" mi="0" ci="2" mb="1" cb="1"/><line nr="499" mi="12" ci="0" mb="0" cb="0"/><line nr="501" mi="0" ci="4" mb="0" cb="0"/><line nr="502" mi="0" ci="12" mb="0" cb="2"/><line nr="503" mi="0" ci="6" mb="0" cb="0"/><line nr="504" mi="0" ci="1" mb="0" cb="0"/><line nr="505" mi="0" ci="12" mb="0" cb="2"/><line nr="506" mi="0" ci="6" mb="0" cb="0"/><line nr="507" mi="0" ci="6" mb="0" cb="2"/><line nr="508" mi="0" ci="15" mb="0" cb="2"/><line nr="509" mi="0" ci="1" mb="0" cb="0"/><line nr="510" mi="0" ci="6" mb="0" cb="0"/><line nr="511" mi="0" ci="1" mb="0" cb="0"/><line nr="513" mi="0" ci="1" mb="0" cb="0"/><line nr="514" mi="0" ci="12" mb="0" cb="2"/><line nr="515" mi="0" ci="6" mb="0" cb="0"/><line nr="516" mi="0" ci="6" mb="0" cb="2"/><line nr="517" mi="0" ci="15" mb="0" cb="2"/><line nr="518" mi="0" ci="1" mb="0" cb="0"/><line nr="519" mi="0" ci="6" mb="0" cb="0"/><line nr="520" mi="0" ci="1" mb="0" cb="0"/><line nr="522" mi="0" ci="1" mb="0" cb="0"/><line nr="523" mi="0" ci="2" mb="0" cb="0"/><line nr="537" mi="0" ci="5" mb="0" cb="0"/><line nr="554" mi="0" ci="2" mb="1" cb="1"/><line nr="555" mi="12" ci="0" mb="0" cb="0"/><line nr="557" mi="0" ci="5" mb="1" cb="3"/><line nr="558" mi="0" ci="4" mb="0" cb="0"/><line nr="560" mi="0" ci="6" mb="0" cb="0"/><line nr="561" mi="0" ci="11" mb="0" cb="2"/><line nr="562" mi="0" ci="6" mb="0" cb="2"/><line nr="563" mi="0" ci="9" mb="0" cb="0"/><line nr="565" mi="0" ci="10" mb="0" cb="0"/><line nr="566" mi="0" ci="1" mb="0" cb="0"/><line nr="567" mi="0" ci="11" mb="0" cb="2"/><line nr="568" mi="0" ci="6" mb="0" cb="2"/><line nr="569" mi="0" ci="9" mb="0" cb="0"/><line nr="571" mi="0" ci="10" mb="0" cb="0"/><line nr="572" mi="0" ci="11" mb="0" cb="2"/><line nr="573" mi="0" ci="6" mb="0" cb="2"/><line nr="574" mi="0" ci="9" mb="0" cb="0"/><line nr="576" mi="0" ci="11" mb="0" cb="2"/><line nr="577" mi="0" ci="14" mb="0" cb="0"/><line nr="579" mi="0" ci="7" mb="0" cb="0"/><line nr="580" mi="0" ci="8" mb="0" cb="0"/><line nr="581" mi="0" ci="1" mb="0" cb="0"/><line nr="582" mi="0" ci="1" mb="0" cb="0"/><line nr="583" mi="0" ci="11" mb="0" cb="2"/><line nr="584" mi="0" ci="6" mb="0" cb="2"/><line nr="585" mi="0" ci="9" mb="0" cb="0"/><line nr="587" mi="0" ci="10" mb="0" cb="0"/><line nr="588" mi="0" ci="11" mb="0" cb="2"/><line nr="589" mi="0" ci="6" mb="0" cb="2"/><line nr="590" mi="0" ci="9" mb="0" cb="0"/><line nr="592" mi="0" ci="11" mb="0" cb="2"/><line nr="593" mi="0" ci="14" mb="0" cb="0"/><line nr="596" mi="0" ci="7" mb="0" cb="0"/><line nr="597" mi="0" ci="8" mb="0" cb="0"/><line nr="598" mi="0" ci="1" mb="0" cb="0"/><line nr="599" mi="0" ci="1" mb="0" cb="0"/><line nr="600" mi="0" ci="2" mb="0" cb="0"/><line nr="613" mi="0" ci="5" mb="0" cb="0"/><line nr="626" mi="0" ci="2" mb="1" cb="1"/><line nr="627" mi="12" ci="0" mb="0" cb="0"/><line nr="629" mi="2" ci="3" mb="3" cb="1"/><line nr="630" mi="0" ci="3" mb="0" cb="0"/><line nr="632" mi="0" ci="17" mb="0" cb="2"/><line nr="633" mi="6" ci="2" mb="3" cb="1"/><line nr="634" mi="0" ci="5" mb="0" cb="0"/><line nr="638" mi="0" ci="11" mb="0" cb="2"/><line nr="639" mi="0" ci="6" mb="0" cb="0"/><line nr="640" mi="0" ci="2" mb="1" cb="1"/><line nr="641" mi="0" ci="4" mb="0" cb="0"/><line nr="642" mi="0" ci="6" mb="0" cb="0"/><line nr="645" mi="0" ci="3" mb="0" cb="0"/><line nr="647" mi="0" ci="17" mb="0" cb="2"/><line nr="648" mi="5" ci="2" mb="3" cb="1"/><line nr="649" mi="0" ci="4" mb="0" cb="0"/><line nr="652" mi="0" ci="1" mb="0" cb="0"/><line nr="654" mi="0" ci="11" mb="0" cb="2"/><line nr="655" mi="0" ci="6" mb="0" cb="0"/><line nr="656" mi="0" ci="2" mb="1" cb="1"/><line nr="657" mi="0" ci="4" mb="0" cb="0"/><line nr="658" mi="0" ci="6" mb="0" cb="0"/><line nr="661" mi="0" ci="3" mb="0" cb="0"/><line nr="663" mi="0" ci="17" mb="0" cb="2"/><line nr="664" mi="5" ci="2" mb="3" cb="1"/><line nr="665" mi="0" ci="4" mb="0" cb="0"/><line nr="669" mi="0" ci="6" mb="0" cb="0"/><line nr="670" mi="0" ci="2" mb="1" cb="1"/><line nr="671" mi="0" ci="4" mb="0" cb="0"/><line nr="672" mi="0" ci="6" mb="0" cb="0"/><line nr="674" mi="0" ci="9" mb="0" cb="2"/><line nr="675" mi="0" ci="6" mb="0" cb="0"/><line nr="676" mi="0" ci="2" mb="1" cb="1"/><line nr="677" mi="0" ci="4" mb="0" cb="0"/><line nr="678" mi="0" ci="6" mb="0" cb="0"/><line nr="680" mi="0" ci="19" mb="0" cb="2"/><line nr="681" mi="5" ci="2" mb="3" cb="1"/><line nr="682" mi="0" ci="4" mb="0" cb="0"/><line nr="686" mi="0" ci="1" mb="0" cb="0"/><line nr="688" mi="0" ci="17" mb="0" cb="2"/><line nr="689" mi="0" ci="6" mb="0" cb="0"/><line nr="690" mi="0" ci="2" mb="1" cb="1"/><line nr="691" mi="0" ci="4" mb="0" cb="0"/><line nr="692" mi="0" ci="6" mb="0" cb="0"/><line nr="694" mi="0" ci="3" mb="0" cb="0"/><line nr="695" mi="0" ci="17" mb="0" cb="2"/><line nr="696" mi="5" ci="2" mb="3" cb="1"/><line nr="697" mi="0" ci="4" mb="0" cb="0"/><line nr="700" mi="0" ci="6" mb="0" cb="0"/><line nr="701" mi="0" ci="2" mb="1" cb="1"/><line nr="702" mi="0" ci="4" mb="0" cb="0"/><line nr="703" mi="0" ci="6" mb="0" cb="0"/><line nr="705" mi="0" ci="9" mb="0" cb="2"/><line nr="706" mi="0" ci="6" mb="0" cb="0"/><line nr="707" mi="0" ci="2" mb="1" cb="1"/><line nr="708" mi="0" ci="4" mb="0" cb="0"/><line nr="709" mi="0" ci="6" mb="0" cb="0"/><line nr="711" mi="6" ci="13" mb="1" cb="1"/><line nr="712" mi="7" ci="0" mb="4" cb="0"/><line nr="713" mi="4" ci="0" mb="0" cb="0"/><line nr="718" mi="0" ci="2" mb="0" cb="0"/><line nr="723" mi="0" ci="11" mb="0" cb="2"/><line nr="724" mi="0" ci="5" mb="0" cb="2"/><line nr="725" mi="0" ci="2" mb="1" cb="1"/><line nr="726" mi="5" ci="0" mb="0" cb="0"/><line nr="727" mi="5" ci="0" mb="0" cb="0"/><line nr="730" mi="0" ci="4" mb="0" cb="0"/><line nr="732" mi="0" ci="1" mb="0" cb="0"/><line nr="733" mi="0" ci="1" mb="0" cb="0"/><line nr="740" mi="0" ci="4" mb="0" cb="0"/><line nr="741" mi="0" ci="4" mb="0" cb="0"/><line nr="742" mi="0" ci="4" mb="0" cb="0"/><line nr="743" mi="0" ci="4" mb="0" cb="0"/><line nr="744" mi="0" ci="4" mb="0" cb="0"/><line nr="746" mi="0" ci="12" mb="0" cb="2"/><line nr="747" mi="0" ci="10" mb="0" cb="0"/><line nr="748" mi="0" ci="1" mb="0" cb="0"/><line nr="750" mi="0" ci="12" mb="0" cb="2"/><line nr="751" mi="0" ci="10" mb="0" cb="0"/><line nr="752" mi="0" ci="1" mb="0" cb="0"/><line nr="753" mi="0" ci="12" mb="0" cb="2"/><line nr="754" mi="0" ci="4" mb="0" cb="0"/><line nr="755" mi="0" ci="7" mb="0" cb="0"/><line nr="756" mi="0" ci="13" mb="0" cb="2"/><line nr="757" mi="0" ci="10" mb="0" cb="0"/><line nr="758" mi="0" ci="1" mb="0" cb="0"/><line nr="759" mi="0" ci="1" mb="0" cb="0"/><line nr="761" mi="0" ci="12" mb="0" cb="2"/><line nr="762" mi="0" ci="10" mb="0" cb="0"/><line nr="763" mi="0" ci="1" mb="0" cb="0"/><line nr="764" mi="0" ci="12" mb="0" cb="2"/><line nr="765" mi="0" ci="4" mb="0" cb="0"/><line nr="766" mi="0" ci="7" mb="0" cb="0"/><line nr="767" mi="0" ci="13" mb="0" cb="2"/><line nr="768" mi="0" ci="10" mb="0" cb="0"/><line nr="769" mi="0" ci="1" mb="0" cb="0"/><line nr="770" mi="0" ci="1" mb="0" cb="0"/><line nr="772" mi="0" ci="20" mb="0" cb="0"/><line nr="789" mi="2" ci="0" mb="2" cb="0"/><line nr="790" mi="12" ci="0" mb="0" cb="0"/><line nr="792" mi="2" ci="0" mb="2" cb="0"/><line nr="793" mi="12" ci="0" mb="0" cb="0"/><line nr="795" mi="6" ci="0" mb="0" cb="0"/><line nr="796" mi="1" ci="0" mb="0" cb="0"/><line nr="810" mi="5" ci="0" mb="0" cb="0"/><line nr="811" mi="1" ci="0" mb="0" cb="0"/><line nr="827" mi="2" ci="0" mb="2" cb="0"/><line nr="828" mi="12" ci="0" mb="0" cb="0"/><line nr="830" mi="2" ci="0" mb="2" cb="0"/><line nr="831" mi="12" ci="0" mb="0" cb="0"/><line nr="833" mi="5" ci="0" mb="2" cb="0"/><line nr="834" mi="8" ci="0" mb="0" cb="0"/><line nr="836" mi="10" ci="0" mb="0" cb="0"/><line nr="837" mi="2" ci="0" mb="0" cb="0"/><line nr="855" mi="2" ci="0" mb="2" cb="0"/><line nr="856" mi="12" ci="0" mb="0" cb="0"/><line nr="858" mi="2" ci="0" mb="2" cb="0"/><line nr="859" mi="12" ci="0" mb="0" cb="0"/><line nr="861" mi="5" ci="0" mb="2" cb="0"/><line nr="862" mi="8" ci="0" mb="0" cb="0"/><line nr="864" mi="10" ci="0" mb="0" cb="0"/><line nr="865" mi="2" ci="0" mb="0" cb="0"/><line nr="880" mi="5" ci="0" mb="2" cb="0"/><line nr="881" mi="5" ci="0" mb="0" cb="0"/><line nr="882" mi="7" ci="0" mb="0" cb="0"/><line nr="884" mi="5" ci="0" mb="2" cb="0"/><line nr="886" mi="5" ci="0" mb="0" cb="0"/><line nr="887" mi="7" ci="0" mb="0" cb="0"/><line nr="889" mi="5" ci="0" mb="0" cb="0"/><line nr="890" mi="6" ci="0" mb="0" cb="0"/><line nr="898" mi="3" ci="0" mb="0" cb="0"/><line nr="905" mi="3" ci="0" mb="0" cb="0"/><line nr="906" mi="2" ci="0" mb="0" cb="0"/><counter type="INSTRUCTION" missed="670" covered="1114"/><counter type="BRANCH" missed="88" covered="104"/><counter type="LINE" missed="100" covered="183"/><counter type="COMPLEXITY" missed="78" covered="53"/><counter type="METHOD" missed="21" covered="14"/><counter type="CLASS" missed="0" covered="1"/></sourcefile><sourcefile name="AnnotationBuilder.java"><line nr="46" mi="0" ci="2" mb="0" cb="0"/><line nr="47" mi="0" ci="5" mb="0" cb="0"/><line nr="48" mi="0" ci="5" mb="0" cb="0"/><line nr="49" mi="0" ci="1" mb="0" cb="0"/><line nr="60" mi="0" ci="2" mb="1" cb="1"/><line nr="61" mi="5" ci="0" mb="0" cb="0"/><line nr="63" mi="0" ci="5" mb="0" cb="0"/><line nr="64" mi="0" ci="7" mb="0" cb="0"/><line nr="65" mi="0" ci="2" mb="0" cb="0"/><line nr="77" mi="0" ci="2" mb="1" cb="1"/><line nr="78" mi="5" ci="0" mb="0" cb="0"/><line nr="81" mi="0" ci="4" mb="0" cb="0"/><line nr="82" mi="0" ci="3" mb="0" cb="2"/><line nr="83" mi="0" ci="4" mb="0" cb="0"/><line nr="84" mi="0" ci="5" mb="0" cb="2"/><line nr="85" mi="0" ci="2" mb="0" cb="0"/><line nr="87" mi="0" ci="1" mb="0" cb="0"/><line nr="88" mi="0" ci="5" mb="0" cb="0"/><line nr="89" mi="0" ci="2" mb="0" cb="0"/><line nr="98" mi="0" ci="8" mb="0" cb="0"/><line nr="110" mi="10" ci="0" mb="2" cb="0"/><line nr="111" mi="4" ci="0" mb="0" cb="0"/><line nr="112" mi="1" ci="0" mb="0" cb="0"/><line nr="113" mi="2" ci="0" mb="0" cb="0"/><line nr="125" mi="0" ci="11" mb="0" cb="2"/><line nr="126" mi="0" ci="4" mb="0" cb="0"/><line nr="127" mi="0" ci="1" mb="0" cb="0"/><line nr="128" mi="0" ci="2" mb="0" cb="0"/><line nr="140" mi="17" ci="0" mb="2" cb="0"/><line nr="141" mi="4" ci="0" mb="0" cb="0"/><line nr="143" mi="2" ci="0" mb="0" cb="0"/><line nr="150" mi="0" ci="6" mb="0" cb="0"/><line nr="157" mi="5" ci="0" mb="0" cb="0"/><line nr="165" mi="4" ci="0" mb="0" cb="0"/><counter type="INSTRUCTION" missed="59" covered="89"/><counter type="BRANCH" missed="6" covered="8"/><counter type="LINE" missed="11" covered="23"/><counter type="COMPLEXITY" missed="8" covered="9"/><counter type="METHOD" missed="4" covered="6"/><counter type="CLASS" missed="0" covered="1"/></sourcefile><sourcefile name="AnnotatedMemberImpl.java"><line nr="42" mi="0" ci="6" mb="0" cb="0"/><line nr="43" mi="0" ci="3" mb="0" cb="0"/><line nr="44" mi="0" ci="3" mb="0" cb="0"/><line nr="45" mi="0" ci="1" mb="0" cb="0"/><line nr="52" mi="3" ci="0" mb="0" cb="0"/><line nr="60" mi="0" ci="3" mb="0" cb="0"/><line nr="68" mi="5" ci="0" mb="0" cb="0"/><counter type="INSTRUCTION" missed="8" covered="16"/><counter type="LINE" missed="2" covered="5"/><counter type="COMPLEXITY" missed="2" covered="2"/><counter type="METHOD" missed="2" covered="2"/><counter type="CLASS" missed="0" covered="1"/></sourcefile><sourcefile name="AnnotatedParameterImpl.java"><line nr="43" mi="0" ci="6" mb="0" cb="0"/><line nr="44" mi="0" ci="3" mb="0" cb="0"/><line nr="45" mi="0" ci="3" mb="0" cb="0"/><line nr="46" mi="0" ci="1" mb="0" cb="0"/><line nr="53" mi="3" ci="0" mb="0" cb="0"/><line nr="61" mi="0" ci="3" mb="0" cb="0"/><counter type="INSTRUCTION" missed="3" covered="16"/><counter type="LINE" missed="1" covered="5"/><counter type="COMPLEXITY" missed="1" covered="2"/><counter type="METHOD" missed="1" covered="2"/><counter type="CLASS" missed="0" covered="1"/></sourcefile><sourcefile name="AnnotatedFieldImpl.java"><line nr="41" mi="0" ci="10" mb="0" cb="0"/><line nr="42" mi="0" ci="1" mb="0" cb="0"/><counter type="INSTRUCTION" missed="0" covered="11"/><counter type="LINE" missed="0" covered="2"/><counter type="COMPLEXITY" missed="0" covered="1"/><counter type="METHOD" missed="0" covered="1"/><counter type="CLASS" missed="0" covered="1"/></sourcefile><sourcefile name="AnnotatedTypeImpl.java"><line nr="64" mi="0" ci="6" mb="0" cb="0"/><line nr="65" mi="0" ci="3" mb="0" cb="0"/><line nr="66" mi="0" ci="5" mb="0" cb="0"/><line nr="67" mi="0" ci="4" mb="0" cb="0"/><line nr="68" mi="0" ci="4" mb="0" cb="0"/><line nr="69" mi="0" ci="4" mb="0" cb="0"/><line nr="70" mi="0" ci="17" mb="0" cb="2"/><line nr="71" mi="0" ci="10" mb="0" cb="0"/><line nr="72" mi="0" ci="8" mb="0" cb="0"/><line nr="73" mi="0" ci="5" mb="0" cb="0"/><line nr="74" mi="0" ci="4" mb="0" cb="0"/><line nr="76" mi="0" ci="11" mb="0" cb="2"/><line nr="77" mi="0" ci="5" mb="0" cb="2"/><line nr="78" mi="0" ci="11" mb="0" cb="0"/><line nr="79" mi="0" ci="10" mb="0" cb="0"/><line nr="80" mi="0" ci="5" mb="0" cb="0"/><line nr="82" mi="0" ci="1" mb="0" cb="0"/><line nr="83" mi="0" ci="5" mb="0" cb="0"/><line nr="84" mi="0" ci="17" mb="0" cb="2"/><line nr="85" mi="0" ci="10" mb="0" cb="4"/><line nr="86" mi="0" ci="10" mb="0" cb="0"/><line nr="87" mi="0" ci="8" mb="0" cb="0"/><line nr="88" mi="0" ci="5" mb="0" cb="0"/><line nr="89" mi="0" ci="4" mb="0" cb="0"/><line nr="92" mi="0" ci="11" mb="0" cb="2"/><line nr="93" mi="0" ci="12" mb="1" cb="3"/><line nr="94" mi="0" ci="11" mb="0" cb="0"/><line nr="95" mi="0" ci="10" mb="0" cb="0"/><line nr="96" mi="0" ci="5" mb="0" cb="0"/><line nr="98" mi="0" ci="1" mb="0" cb="0"/><line nr="99" mi="0" ci="5" mb="0" cb="0"/><line nr="100" mi="0" ci="17" mb="0" cb="2"/><line nr="101" mi="0" ci="14" mb="0" cb="0"/><line nr="102" mi="0" ci="5" mb="0" cb="0"/><line nr="103" mi="0" ci="4" mb="0" cb="0"/><line nr="105" mi="0" ci="11" mb="0" cb="2"/><line nr="106" mi="0" ci="5" mb="0" cb="2"/><line nr="107" mi="0" ci="19" mb="0" cb="0"/><line nr="109" mi="0" ci="1" mb="0" cb="0"/><line nr="110" mi="0" ci="1" mb="0" cb="0"/><line nr="117" mi="0" ci="4" mb="0" cb="0"/><line nr="125" mi="0" ci="4" mb="0" cb="0"/><line nr="133" mi="0" ci="3" mb="0" cb="0"/><line nr="141" mi="0" ci="4" mb="0" cb="0"/><counter type="INSTRUCTION" missed="0" covered="319"/><counter type="BRANCH" missed="1" covered="23"/><counter type="LINE" missed="0" covered="44"/><counter type="COMPLEXITY" missed="1" covered="16"/><counter type="METHOD" missed="0" covered="5"/><counter type="CLASS" missed="0" covered="1"/></sourcefile><sourcefile name="AnnotatedMethodImpl.java"><line nr="42" mi="0" ci="13" mb="0" cb="0"/><line nr="43" mi="0" ci="2" mb="0" cb="0"/><line nr="44" mi="0" ci="1" mb="0" cb="0"/><counter type="INSTRUCTION" missed="0" covered="16"/><counter type="LINE" missed="0" covered="3"/><counter type="COMPLEXITY" missed="0" covered="1"/><counter type="METHOD" missed="0" covered="1"/><counter type="CLASS" missed="0" covered="1"/></sourcefile><sourcefile name="AnnotationStore.java"><line nr="40" mi="0" ci="2" mb="0" cb="0"/><line nr="41" mi="0" ci="3" mb="0" cb="0"/><line nr="42" mi="0" ci="4" mb="0" cb="0"/><line nr="43" mi="0" ci="1" mb="0" cb="0"/><line nr="45" mi="2" ci="0" mb="0" cb="0"/><line nr="46" mi="3" ci="0" mb="0" cb="0"/><line nr="47" mi="3" ci="0" mb="0" cb="0"/><line nr="48" mi="1" ci="0" mb="0" cb="0"/><line nr="51" mi="0" ci="8" mb="0" cb="0"/><line nr="55" mi="0" ci="3" mb="0" cb="0"/><line nr="59" mi="0" ci="5" mb="0" cb="0"/><counter type="INSTRUCTION" missed="9" covered="26"/><counter type="LINE" missed="4" covered="7"/><counter type="COMPLEXITY" missed="1" covered="4"/><counter type="METHOD" missed="1" covered="4"/><counter type="CLASS" missed="0" covered="1"/></sourcefile><counter type="INSTRUCTION" missed="774" covered="1799"/><counter type="BRANCH" missed="100" covered="148"/><counter type="LINE" missed="123" covered="312"/><counter type="COMPLEXITY" missed="97" covered="103"/><counter type="METHOD" missed="30" covered="46"/><counter type="CLASS" missed="0" covered="11"/></package><counter type="INSTRUCTION" missed="774" covered="1931"/><counter type="BRANCH" missed="100" covered="162"/><counter type="LINE" missed="123" covered="343"/><counter type="COMPLEXITY" missed="97" covered="112"/><counter type="METHOD" missed="30" covered="48"/><counter type="CLASS" missed="0" covered="12"/></report>